[0m16:57:14.117482 [debug] [MainThread]: Sending event: {'category': 'dbt', 'action': 'invocation', 'label': 'start', 'context': [<snowplow_tracker.self_describing_json.SelfDescribingJson object at 0x7f2e54f56210>, <snowplow_tracker.self_describing_json.SelfDescribingJson object at 0x7f2e54fa6ad0>, <snowplow_tracker.self_describing_json.SelfDescribingJson object at 0x7f2e54f56190>]}


============================== 16:57:14.153102 | 7f29751e-58b4-43a5-ab4f-ab9a2447182a ==============================
[0m16:57:14.153102 [info ] [MainThread]: Running with dbt=1.11.3
[0m16:57:14.153650 [debug] [MainThread]: running dbt with arguments {'target_path': 'None', 'fail_fast': 'False', 'static_parser': 'True', 'introspect': 'True', 'quiet': 'False', 'use_colors': 'True', 'warn_error': 'None', 'log_path': 'logs', 'printer_width': '80', 'partial_parse': 'True', 'profiles_dir': '/home/obscuritenoir/.dbt', 'log_cache_events': 'False', 'send_anonymous_usage_stats': 'True', 'warn_error_options': 'WarnErrorOptionsV2(error=[], warn=[], silence=[])', 'invocation_command': 'dbt init agro_credit_transform', 'use_experimental_parser': 'False', 'empty': 'None', 'debug': 'False', 'log_format': 'default', 'write_json': 'True', 'indirect_selection': 'eager', 'cache_selected_only': 'False', 'no_print': 'None', 'version_check': 'True'}
[0m16:57:14.196947 [info ] [MainThread]: Creating dbt configuration folder at /home/obscuritenoir/.dbt
[0m16:57:14.199066 [debug] [MainThread]: Starter project path: /home/obscuritenoir/Portfolio/AgroESG-Carbon-Compliance/.venv/lib/python3.11/site-packages/dbt/include/starter_project
[0m16:57:14.202700 [info ] [MainThread]: 
Your new dbt project "agro_credit_transform" was created!

For more information on how to configure the profiles.yml file,
please consult the dbt documentation here:

  https://docs.getdbt.com/docs/configure-your-profile

One more thing:

Need help? Don't hesitate to reach out to us via GitHub issues or on Slack:

  https://community.getdbt.com/

Happy modeling!

[0m16:57:14.203280 [info ] [MainThread]: Setting up your profile.
[0m16:58:49.548030 [info ] [MainThread]: Profile agro_credit_transform written to /home/obscuritenoir/.dbt/profiles.yml using target's profile_template.yml and your supplied values. Run 'dbt debug' to validate the connection.
[0m16:58:49.552056 [debug] [MainThread]: Resource report: {"command_name": "init", "command_success": true, "command_wall_clock_time": 95.49325, "process_in_blocks": "91168", "process_kernel_time": 0.666198, "process_mem_max_rss": "139340", "process_out_blocks": "37976", "process_user_time": 3.215901}
[0m16:58:49.553125 [debug] [MainThread]: Command `dbt init` succeeded at 16:58:49.552946 after 95.50 seconds
[0m16:58:49.553822 [debug] [MainThread]: Sending event: {'category': 'dbt', 'action': 'invocation', 'label': 'end', 'context': [<snowplow_tracker.self_describing_json.SelfDescribingJson object at 0x7f2e54fc71d0>, <snowplow_tracker.self_describing_json.SelfDescribingJson object at 0x7f2e54f66590>, <snowplow_tracker.self_describing_json.SelfDescribingJson object at 0x7f2e5a36e790>]}
[0m16:58:49.554693 [debug] [MainThread]: Flushing usage events
[0m16:58:50.827539 [debug] [MainThread]: An error was encountered while trying to flush usage events
